# JRE version: OpenJDK Runtime Environment Corretto-11.0.14.10.1 (11.0.14.1+10) (build 11.0.14.1+10-LTS)
# Java VM: OpenJDK 64-Bit Server VM Corretto-11.0.14.10.1 (11.0.14.1+10-LTS, mixed mode, tiered, compressed oops, g1 gc, windows-amd64)
Heap:
 garbage-first heap   total 326656K, used 101865K [0x0000000080000000, 0x0000000100000000)
  region size 1024K, 4 young (4096K), 4 survivors (4096K)
 Metaspace       used 106770K, capacity 109491K, committed 109612K, reserved 1144832K
  class space    used 13197K, capacity 14159K, committed 14208K, reserved 1048576K
GC Heap History (20 events):
Event: 3488.071 GC heap after
{Heap after GC invocations=70 (full 0):
 garbage-first heap   total 145408K, used 92049K [0x0000000080000000, 0x0000000100000000)
  region size 1024K, 2 young (2048K), 2 survivors (2048K)
 Metaspace       used 97701K, capacity 100025K, committed 100140K, reserved 1136640K
  class space    used 11848K, capacity 12615K, committed 12672K, reserved 1048576K
}
Event: 3488.082 GC heap before
{Heap before GC invocations=70 (full 0):
 garbage-first heap   total 145408K, used 96145K [0x0000000080000000, 0x0000000100000000)
  region size 1024K, 7 young (7168K), 2 survivors (2048K)
 Metaspace       used 97701K, capacity 100025K, committed 100140K, reserved 1136640K
  class space    used 11848K, capacity 12615K, committed 12672K, reserved 1048576K
}
Event: 3488.090 GC heap after
{Heap after GC invocations=71 (full 0):
 garbage-first heap   total 145408K, used 80989K [0x0000000080000000, 0x0000000100000000)
  region size 1024K, 1 young (1024K), 1 survivors (1024K)
 Metaspace       used 97701K, capacity 100025K, committed 100140K, reserved 1136640K
  class space    used 11848K, capacity 12615K, committed 12672K, reserved 1048576K
}
Event: 3488.098 GC heap before
{Heap before GC invocations=71 (full 0):
 garbage-first heap   total 145408K, used 86109K [0x0000000080000000, 0x0000000100000000)
  region size 1024K, 7 young (7168K), 1 survivors (1024K)
 Metaspace       used 97701K, capacity 100025K, committed 100140K, reserved 1136640K
  class space    used 11848K, capacity 12615K, committed 12672K, reserved 1048576K
}
Event: 3488.102 GC heap after
{Heap after GC invocations=72 (full 0):
 garbage-first heap   total 145408K, used 81013K [0x0000000080000000, 0x0000000100000000)
  region size 1024K, 1 young (1024K), 1 survivors (1024K)
 Metaspace       used 97701K, capacity 100025K, committed 100140K, reserved 1136640K
  class space    used 11848K, capacity 12615K, committed 12672K, reserved 1048576K
}
Event: 3488.139 GC heap before
{Heap before GC invocations=72 (full 0):
 garbage-first heap   total 145408K, used 114805K [0x0000000080000000, 0x0000000100000000)
  region size 1024K, 35 young (35840K), 1 survivors (1024K)
 Metaspace       used 97703K, capacity 100025K, committed 100140K, reserved 1136640K
  class space    used 11848K, capacity 12615K, committed 12672K, reserved 1048576K
}
Event: 3488.141 GC heap after
{Heap after GC invocations=73 (full 0):
 garbage-first heap   total 145408K, used 81546K [0x0000000080000000, 0x0000000100000000)
  region size 1024K, 1 young (1024K), 1 survivors (1024K)
 Metaspace       used 97703K, capacity 100025K, committed 100140K, reserved 1136640K
  class space    used 11848K, capacity 12615K, committed 12672K, reserved 1048576K
}
Event: 3488.213 GC heap before
{Heap before GC invocations=73 (full 0):
 garbage-first heap   total 145408K, used 117386K [0x0000000080000000, 0x0000000100000000)
  region size 1024K, 37 young (37888K), 1 survivors (1024K)
 Metaspace       used 97704K, capacity 100025K, committed 100140K, reserved 1136640K
  class space    used 11848K, capacity 12615K, committed 12672K, reserved 1048576K
}
Event: 3488.215 GC heap after
{Heap after GC invocations=74 (full 0):
 garbage-first heap   total 145408K, used 82287K [0x0000000080000000, 0x0000000100000000)
  region size 1024K, 2 young (2048K), 2 survivors (2048K)
 Metaspace       used 97704K, capacity 100025K, committed 100140K, reserved 1136640K
  class space    used 11848K, capacity 12615K, committed 12672K, reserved 1048576K
}
Event: 3488.274 GC heap before
{Heap before GC invocations=75 (full 0):
 garbage-first heap   total 145408K, used 118127K [0x0000000080000000, 0x0000000100000000)
  region size 1024K, 38 young (38912K), 2 survivors (2048K)
 Metaspace       used 97705K, capacity 100025K, committed 100140K, reserved 1136640K
  class space    used 11848K, capacity 12615K, committed 12672K, reserved 1048576K
}
Event: 3488.277 GC heap after
{Heap after GC invocations=76 (full 0):
 garbage-first heap   total 145408K, used 82902K [0x0000000080000000, 0x0000000100000000)
  region size 1024K, 3 young (3072K), 3 survivors (3072K)
 Metaspace       used 97705K, capacity 100025K, committed 100140K, reserved 1136640K
  class space    used 11848K, capacity 12615K, committed 12672K, reserved 1048576K
}
Event: 3488.282 GC heap before
{Heap before GC invocations=76 (full 0):
 garbage-first heap   total 145408K, used 85974K [0x0000000080000000, 0x0000000100000000)
  region size 1024K, 7 young (7168K), 3 survivors (3072K)
 Metaspace       used 97705K, capacity 100025K, committed 100140K, reserved 1136640K
  class space    used 11848K, capacity 12615K, committed 12672K, reserved 1048576K
}
Event: 3488.289 GC heap after
{Heap after GC invocations=77 (full 0):
 garbage-first heap   total 175104K, used 82372K [0x0000000080000000, 0x0000000100000000)
  region size 1024K, 1 young (1024K), 1 survivors (1024K)
 Metaspace       used 97705K, capacity 100025K, committed 100140K, reserved 1136640K
  class space    used 11848K, capacity 12615K, committed 12672K, reserved 1048576K
}
Event: 3488.361 GC heap before
{Heap before GC invocations=77 (full 0):
 garbage-first heap   total 175104K, used 113092K [0x0000000080000000, 0x0000000100000000)
  region size 1024K, 33 young (33792K), 1 survivors (1024K)
 Metaspace       used 97770K, capacity 100032K, committed 100140K, reserved 1136640K
  class space    used 11858K, capacity 12617K, committed 12672K, reserved 1048576K
}
Event: 3488.367 GC heap after
{Heap after GC invocations=78 (full 0):
 garbage-first heap   total 175104K, used 87353K [0x0000000080000000, 0x0000000100000000)
  region size 1024K, 6 young (6144K), 6 survivors (6144K)
 Metaspace       used 97770K, capacity 100032K, committed 100140K, reserved 1136640K
  class space    used 11858K, capacity 12617K, committed 12672K, reserved 1048576K
}
Event: 3488.868 GC heap before
{Heap before GC invocations=79 (full 0):
 garbage-first heap   total 175104K, used 135481K [0x0000000080000000, 0x0000000100000000)
  region size 1024K, 52 young (53248K), 6 survivors (6144K)
 Metaspace       used 102949K, capacity 105493K, committed 105644K, reserved 1140736K
  class space    used 12648K, capacity 13563K, committed 13568K, reserved 1048576K
}
Event: 3488.875 GC heap after
{Heap after GC invocations=80 (full 0):
 garbage-first heap   total 175104K, used 94986K [0x0000000080000000, 0x0000000100000000)
  region size 1024K, 6 young (6144K), 6 survivors (6144K)
 Metaspace       used 102949K, capacity 105493K, committed 105644K, reserved 1140736K
  class space    used 12648K, capacity 13563K, committed 13568K, reserved 1048576K
}
Event: 3489.699 GC heap before
{Heap before GC invocations=80 (full 0):
 garbage-first heap   total 175104K, used 137994K [0x0000000080000000, 0x0000000100000000)
  region size 1024K, 49 young (50176K), 6 survivors (6144K)
 Metaspace       used 106567K, capacity 109319K, committed 109612K, reserved 1144832K
  class space    used 13158K, capacity 14108K, committed 14208K, reserved 1048576K
}
Event: 3489.704 GC heap after
{Heap after GC invocations=81 (full 0):
 garbage-first heap   total 175104K, used 92135K [0x0000000080000000, 0x0000000100000000)
  region size 1024K, 3 young (3072K), 3 survivors (3072K)
 Metaspace       used 106567K, capacity 109319K, committed 109612K, reserved 1144832K
  class space    used 13158K, capacity 14108K, committed 14208K, reserved 1048576K
}
Event: 3490.678 GC heap before
{Heap before GC invocations=82 (full 0):
 garbage-first heap   total 175104K, used 146407K [0x0000000080000000, 0x0000000100000000)
  region size 1024K, 49 young (50176K), 3 survivors (3072K)
 Metaspace       used 106770K, capacity 109491K, committed 109612K, reserved 1144832K
  class space    used 13197K, capacity 14159K, committed 14208K, reserved 1048576K
}

